<?xml version="1.0" encoding="UTF-8"?>
<!-- Generated by org.testng.reporters.JUnitReportReporter -->
<testsuite hostname="RFL509" failures="0" tests="3" name="api.test.UserDataDrivenTest" time="0.000" errors="0" timestamp="2024-10-22T17:59:59 IST" skipped="3">
  <testcase classname="api.test.UserDataDrivenTest" name="testDDPostUsers" time="0.000">
    <skipped/>
  </testcase> <!-- testDDPostUsers -->
  <system-out/>
  <testcase classname="api.test.UserDataDrivenTest" name="testDDGetUsersByName" time="0.000">
    <skipped/>
  </testcase> <!-- testDDGetUsersByName -->
  <system-out/>
  <testcase classname="api.test.UserDataDrivenTest" name="testDDUpdateExistingUsers" time="0.000">
    <skipped/>
  </testcase> <!-- testDDUpdateExistingUsers -->
  <system-out/>
</testsuite> <!-- api.test.UserDataDrivenTest -->
