<?xml version="1.0" encoding="UTF-8"?>
<!-- Generated by org.testng.reporters.JUnitReportReporter -->
<testsuite hostname="RFL509" failures="0" tests="3" name="api.test.UserTest" time="12.609" errors="0" timestamp="2024-10-22T17:59:59 IST" skipped="0">
  <testcase classname="api.test.UserTest" name="testPostUsers" time="8.593"/>
  <system-out/>
  <testcase classname="api.test.UserTest" name="testGetUsersByName" time="1.417"/>
  <system-out/>
  <testcase classname="api.test.UserTest" name="testUpdateExistingUsers" time="2.599"/>
  <system-out/>
</testsuite> <!-- api.test.UserTest -->
