<?xml version="1.0" encoding="UTF-8"?>
<!-- Generated by org.testng.reporters.JUnitReportReporter -->
<testsuite hostname="RFL509" failures="0" tests="9" name="api.test.UserDataDrivenTest" time="15.082" errors="0" timestamp="2024-10-26T17:38:45 IST" skipped="0">
  <testcase classname="api.test.UserDataDrivenTest" name="testDDPostUsers" time="1.130"/>
  <system-out/>
  <testcase classname="api.test.UserDataDrivenTest" name="testDDPostUsers" time="1.128"/>
  <system-out/>
  <testcase classname="api.test.UserDataDrivenTest" name="testDDPostUsers" time="2.644"/>
  <system-out/>
  <testcase classname="api.test.UserDataDrivenTest" name="testDDGetUsersByName" time="1.143"/>
  <system-out/>
  <testcase classname="api.test.UserDataDrivenTest" name="testDDGetUsersByName" time="1.130"/>
  <system-out/>
  <testcase classname="api.test.UserDataDrivenTest" name="testDDGetUsersByName" time="1.146"/>
  <system-out/>
  <testcase classname="api.test.UserDataDrivenTest" name="testDDUpdateExistingUsers" time="2.260"/>
  <system-out/>
  <testcase classname="api.test.UserDataDrivenTest" name="testDDUpdateExistingUsers" time="2.244"/>
  <system-out/>
  <testcase classname="api.test.UserDataDrivenTest" name="testDDUpdateExistingUsers" time="2.257"/>
  <system-out/>
</testsuite> <!-- api.test.UserDataDrivenTest -->
