<?xml version="1.0" encoding="UTF-8"?>
<!-- Generated by org.testng.reporters.JUnitReportReporter -->
<testsuite hostname="RFL509" failures="0" tests="3" name="api.test.UserTest" time="4.548" errors="0" timestamp="2024-10-26T17:38:45 IST" skipped="0">
  <testcase classname="api.test.UserTest" name="testPostUsers" time="1.144"/>
  <system-out/>
  <testcase classname="api.test.UserTest" name="testGetUsersByName" time="1.115"/>
  <system-out/>
  <testcase classname="api.test.UserTest" name="testUpdateExistingUsers" time="2.289"/>
  <system-out/>
</testsuite> <!-- api.test.UserTest -->
